2019-06-13 00:32:44.075 [main] DEBUG c.imooc.o2o.dao.ShopCategoryDao.queryShopCategory - ==>  Preparing: select shop_category_id,shop_category_name,shop_category_desc,shop_category_img, priority,create_time,last_edit_time,parent_id from tb_shop_category order by priority DESC 
2019-06-13 00:32:44.154 [main] DEBUG c.imooc.o2o.dao.ShopCategoryDao.queryShopCategory - ==> Parameters: 
2019-06-13 00:32:44.188 [main] DEBUG c.imooc.o2o.dao.ShopCategoryDao.queryShopCategory - <==      Total: 21
2019-06-13 00:32:44.219 [main] DEBUG c.imooc.o2o.dao.ShopCategoryDao.queryShopCategory - ==>  Preparing: select shop_category_id,shop_category_name,shop_category_desc,shop_category_img, priority,create_time,last_edit_time,parent_id from tb_shop_category WHERE parent_id = ? order by priority DESC 
2019-06-13 00:32:44.220 [main] DEBUG c.imooc.o2o.dao.ShopCategoryDao.queryShopCategory - ==> Parameters: 10(Long)
2019-06-13 00:32:44.223 [main] DEBUG c.imooc.o2o.dao.ShopCategoryDao.queryShopCategory - <==      Total: 2
2019-06-13 01:26:11.239 [main] DEBUG com.imooc.o2o.dao.AreaDao.queryArea - ==>  Preparing: SELECT area_id, area_name, priority, create_time, last_edit_time FROM tb_area ORDER BY priority DESC 
2019-06-13 01:26:11.314 [main] DEBUG com.imooc.o2o.dao.AreaDao.queryArea - ==> Parameters: 
2019-06-13 01:26:11.340 [main] DEBUG com.imooc.o2o.dao.AreaDao.queryArea - <==      Total: 2
2019-06-13 21:13:53.099 [main] DEBUG c.imooc.o2o.dao.ShopCategoryDao.queryShopCategory - ==>  Preparing: select shop_category_id,shop_category_name,shop_category_desc,shop_category_img, priority,create_time,last_edit_time,parent_id from tb_shop_category WHERE parent_id is not null order by priority DESC 
2019-06-13 21:13:53.176 [main] DEBUG c.imooc.o2o.dao.ShopCategoryDao.queryShopCategory - ==> Parameters: 
2019-06-13 21:13:53.421 [main] DEBUG c.imooc.o2o.dao.ShopCategoryDao.queryShopCategory - <==      Total: 15
2019-06-13 21:14:15.671 [main] DEBUG c.imooc.o2o.dao.ShopCategoryDao.queryShopCategory - ==>  Preparing: select shop_category_id,shop_category_name,shop_category_desc,shop_category_img, priority,create_time,last_edit_time,parent_id from tb_shop_category WHERE parent_id is not null order by priority DESC 
2019-06-13 21:14:15.721 [main] DEBUG c.imooc.o2o.dao.ShopCategoryDao.queryShopCategory - ==> Parameters: 
2019-06-13 21:14:15.750 [main] DEBUG c.imooc.o2o.dao.ShopCategoryDao.queryShopCategory - <==      Total: 15
2019-06-13 21:14:15.793 [main] DEBUG c.imooc.o2o.dao.ShopCategoryDao.queryShopCategory - ==>  Preparing: select shop_category_id,shop_category_name,shop_category_desc,shop_category_img, priority,create_time,last_edit_time,parent_id from tb_shop_category WHERE parent_id is not null and parent_id = ? order by priority DESC 
2019-06-13 21:14:15.793 [main] DEBUG c.imooc.o2o.dao.ShopCategoryDao.queryShopCategory - ==> Parameters: 10(Long)
2019-06-13 21:14:15.833 [main] DEBUG c.imooc.o2o.dao.ShopCategoryDao.queryShopCategory - <==      Total: 2
2019-06-13 22:20:09.564 [main] DEBUG c.imooc.o2o.dao.ShopCategoryDao.queryShopCategory - ==>  Preparing: select shop_category_id,shop_category_name,shop_category_desc,shop_category_img, priority,create_time,last_edit_time,parent_id from tb_shop_category WHERE parent_id is not null and parent_id = ? order by priority DESC 
2019-06-13 22:20:09.621 [main] DEBUG c.imooc.o2o.dao.ShopCategoryDao.queryShopCategory - ==> Parameters: 10(Long)
2019-06-13 22:20:09.649 [main] DEBUG c.imooc.o2o.dao.ShopCategoryDao.queryShopCategory - <==      Total: 2
2019-06-13 22:21:59.712 [main] DEBUG c.imooc.o2o.dao.ShopCategoryDao.queryShopCategory - ==>  Preparing: select shop_category_id,shop_category_name,shop_category_desc,shop_category_img, priority,create_time,last_edit_time,parent_id from tb_shop_category WHERE parent_id is not null and parent_id = ? order by priority DESC 
2019-06-13 22:21:59.756 [main] DEBUG c.imooc.o2o.dao.ShopCategoryDao.queryShopCategory - ==> Parameters: 10(Long)
2019-06-13 22:21:59.784 [main] DEBUG c.imooc.o2o.dao.ShopCategoryDao.queryShopCategory - <==      Total: 2
